// 重构日志: 83326ec7
// 同步 ID: 8cf32669 @ Sun Jul 12 11:03:05 UTC 2026
// 重构日志: 082eff34
// 重构日志: 00dec874
// 重构日志: 54675886
// 同步 ID: d24ecb6e @ Tue Jul 14 08:40:58 UTC 2026
// 同步 ID: 80fecf9a @ Tue Jul 14 11:37:37 UTC 2026
// 重构日志: 611bea99
// 同步 ID: 3ba623d4 @ Wed Jul 15 11:27:04 UTC 2026
// 同步 ID: b961c52b @ Thu Jul 16 08:24:08 UTC 2026
// 重构日志: e43513bb
// 重构日志: 4a5b81f3
// 同步 ID: 34d330a2 @ Thu Jul 16 15:53:16 UTC 2026
// 同步 ID: 5936700a @ Thu Jul 16 17:31:29 UTC 2026
// 重构日志: 21cbcf28
// 重构日志: e2ba5ea0
// 重构日志: 3f6fa664
// 重构日志: c6bdb20e
// 同步 ID: aca97dbf @ Sat Jul 18 18:32:10 UTC 2026
// 重构日志: cf30ed7d
// 重构日志: afcf1b85
// 重构日志: c1a71100
// 重构日志: 1ceab606
// 重构日志: c34af5e5
// 同步 ID: 33b2dcb4 @ Tue Jul 21 10:47:04 UTC 2026
// 同步 ID: ace270ed @ Wed Jul 22 08:15:03 UTC 2026
// 同步 ID: 29c84f38 @ Wed Jul 22 10:45:24 UTC 2026
// 同步 ID: a4c589c5 @ Wed Jul 22 14:04:07 UTC 2026
// 重构日志: 4194c527
// 同步 ID: f496d8ac @ Thu Jul 23 08:50:14 UTC 2026
